{"name":"hexo","hostname":"DESKTOP-JHHG3ED","pid":6944,"level":20,"msg":"Writing database to D:\\MyGithub\\hexoblog/db.json","time":"2019-04-08T10:02:03.192Z","v":0}
{"name":"hexo","hostname":"DESKTOP-JHHG3ED","pid":6944,"level":20,"msg":"Hexo version: \u001b[35m3.8.0\u001b[39m","time":"2019-04-08T10:02:03.232Z","v":0}
{"name":"hexo","hostname":"DESKTOP-JHHG3ED","pid":6944,"level":20,"msg":"Working directory: \u001b[35mD:\\MyGithub\\hexoblog\\\u001b[39m","time":"2019-04-08T10:02:03.235Z","v":0}
{"name":"hexo","hostname":"DESKTOP-JHHG3ED","pid":6944,"level":20,"msg":"Config loaded: \u001b[35mD:\\MyGithub\\hexoblog\\_config.yml\u001b[39m","time":"2019-04-08T10:02:03.527Z","v":0}
{"name":"hexo","hostname":"DESKTOP-JHHG3ED","pid":6944,"level":20,"msg":"Plugin loaded: \u001b[35mhexo-admin\u001b[39m","time":"2019-04-08T10:02:03.676Z","v":0}
{"name":"hexo","hostname":"DESKTOP-JHHG3ED","pid":6944,"level":20,"msg":"Plugin loaded: \u001b[35mhexo-deployer-git\u001b[39m","time":"2019-04-08T10:02:03.770Z","v":0}
{"name":"hexo","hostname":"DESKTOP-JHHG3ED","pid":6944,"level":20,"msg":"Plugin loaded: \u001b[35mhexo-generator-archive\u001b[39m","time":"2019-04-08T10:02:03.784Z","v":0}
{"name":"hexo","hostname":"DESKTOP-JHHG3ED","pid":6944,"level":20,"msg":"Plugin loaded: \u001b[35mhexo-generator-category\u001b[39m","time":"2019-04-08T10:02:03.793Z","v":0}
{"name":"hexo","hostname":"DESKTOP-JHHG3ED","pid":6944,"level":20,"msg":"Plugin loaded: \u001b[35mhexo-generator-index\u001b[39m","time":"2019-04-08T10:02:03.801Z","v":0}
{"name":"hexo","hostname":"DESKTOP-JHHG3ED","pid":6944,"level":20,"msg":"Plugin loaded: \u001b[35mhexo-generator-tag\u001b[39m","time":"2019-04-08T10:02:03.808Z","v":0}
{"name":"hexo","hostname":"DESKTOP-JHHG3ED","pid":6944,"level":20,"msg":"Plugin loaded: \u001b[35mhexo-renderer-ejs\u001b[39m","time":"2019-04-08T10:02:03.819Z","v":0}
{"name":"hexo","hostname":"DESKTOP-JHHG3ED","pid":6944,"level":20,"msg":"Plugin loaded: \u001b[35mhexo-renderer-marked\u001b[39m","time":"2019-04-08T10:02:03.837Z","v":0}
{"name":"hexo","hostname":"DESKTOP-JHHG3ED","pid":6944,"level":20,"msg":"Plugin loaded: \u001b[35mhexo-renderer-stylus\u001b[39m","time":"2019-04-08T10:02:03.843Z","v":0}
{"name":"hexo","hostname":"DESKTOP-JHHG3ED","pid":6944,"level":20,"msg":"Plugin loaded: \u001b[35mhexo-server\u001b[39m","time":"2019-04-08T10:02:03.967Z","v":0}
{"name":"hexo","hostname":"DESKTOP-JHHG3ED","pid":6944,"level":20,"msg":"Plugin loaded: \u001b[35mhexo-fs\u001b[39m","time":"2019-04-08T10:02:04.161Z","v":0}
{"name":"hexo","hostname":"DESKTOP-JHHG3ED","pid":6944,"level":20,"msg":"Script loaded: \u001b[35mthemes\\hexo-theme-next\\scripts\\filters\\exturl.js\u001b[39m","time":"2019-04-08T10:02:04.176Z","v":0}
{"name":"hexo","hostname":"DESKTOP-JHHG3ED","pid":6944,"level":20,"msg":"Script loaded: \u001b[35mthemes\\hexo-theme-next\\scripts\\helpers\\engine.js\u001b[39m","time":"2019-04-08T10:02:04.179Z","v":0}
{"name":"hexo","hostname":"DESKTOP-JHHG3ED","pid":6944,"level":20,"msg":"Script loaded: \u001b[35mthemes\\hexo-theme-next\\scripts\\helpers\\next-url.js\u001b[39m","time":"2019-04-08T10:02:04.182Z","v":0}
{"name":"hexo","hostname":"DESKTOP-JHHG3ED","pid":6944,"level":20,"msg":"Script loaded: \u001b[35mthemes\\hexo-theme-next\\scripts\\merge-configs.js\u001b[39m","time":"2019-04-08T10:02:04.191Z","v":0}
{"name":"hexo","hostname":"DESKTOP-JHHG3ED","pid":6944,"level":20,"msg":"Script loaded: \u001b[35mthemes\\hexo-theme-next\\scripts\\tags\\button.js\u001b[39m","time":"2019-04-08T10:02:04.195Z","v":0}
{"name":"hexo","hostname":"DESKTOP-JHHG3ED","pid":6944,"level":20,"msg":"Script loaded: \u001b[35mthemes\\hexo-theme-next\\scripts\\tags\\center-quote.js\u001b[39m","time":"2019-04-08T10:02:04.197Z","v":0}
{"name":"hexo","hostname":"DESKTOP-JHHG3ED","pid":6944,"level":20,"msg":"Script loaded: \u001b[35mthemes\\hexo-theme-next\\scripts\\tags\\exturl.js\u001b[39m","time":"2019-04-08T10:02:04.201Z","v":0}
{"name":"hexo","hostname":"DESKTOP-JHHG3ED","pid":6944,"level":20,"msg":"Script loaded: \u001b[35mthemes\\hexo-theme-next\\scripts\\tags\\full-image.js\u001b[39m","time":"2019-04-08T10:02:04.204Z","v":0}
{"name":"hexo","hostname":"DESKTOP-JHHG3ED","pid":6944,"level":20,"msg":"Script loaded: \u001b[35mthemes\\hexo-theme-next\\scripts\\tags\\group-pictures.js\u001b[39m","time":"2019-04-08T10:02:04.207Z","v":0}
{"name":"hexo","hostname":"DESKTOP-JHHG3ED","pid":6944,"level":20,"msg":"Script loaded: \u001b[35mthemes\\hexo-theme-next\\scripts\\tags\\include-raw.js\u001b[39m","time":"2019-04-08T10:02:04.220Z","v":0}
{"name":"hexo","hostname":"DESKTOP-JHHG3ED","pid":6944,"level":20,"msg":"Script loaded: \u001b[35mthemes\\hexo-theme-next\\scripts\\tags\\label.js\u001b[39m","time":"2019-04-08T10:02:04.223Z","v":0}
{"name":"hexo","hostname":"DESKTOP-JHHG3ED","pid":6944,"level":20,"msg":"Script loaded: \u001b[35mthemes\\hexo-theme-next\\scripts\\tags\\mermaid.js\u001b[39m","time":"2019-04-08T10:02:04.229Z","v":0}
{"name":"hexo","hostname":"DESKTOP-JHHG3ED","pid":6944,"level":20,"msg":"Script loaded: \u001b[35mthemes\\hexo-theme-next\\scripts\\tags\\note.js\u001b[39m","time":"2019-04-08T10:02:04.231Z","v":0}
{"name":"hexo","hostname":"DESKTOP-JHHG3ED","pid":6944,"level":20,"msg":"Script loaded: \u001b[35mthemes\\hexo-theme-next\\scripts\\tags\\pdf.js\u001b[39m","time":"2019-04-08T10:02:04.234Z","v":0}
{"name":"hexo","hostname":"DESKTOP-JHHG3ED","pid":6944,"level":20,"msg":"Script loaded: \u001b[35mthemes\\hexo-theme-next\\scripts\\tags\\tabs.js\u001b[39m","time":"2019-04-08T10:02:04.237Z","v":0}
{"name":"hexo","hostname":"DESKTOP-JHHG3ED","pid":6944,"level":20,"msg":"Script loaded: \u001b[35mthemes\\hexo-theme-next\\scripts\\tags\\video.js\u001b[39m","time":"2019-04-08T10:02:04.239Z","v":0}
{"name":"hexo","hostname":"DESKTOP-JHHG3ED","pid":6944,"level":20,"msg":"Script loaded: \u001b[35mthemes\\hexo-theme-next\\scripts\\merge.js\u001b[39m","time":"2019-04-08T10:02:04.249Z","v":0}
{"name":"hexo","hostname":"DESKTOP-JHHG3ED","pid":6944,"level":20,"msg":"Database saved","time":"2019-04-08T10:02:04.260Z","v":0}
{"name":"hexo","hostname":"DESKTOP-JHHG3ED","pid":7744,"level":20,"msg":"Writing database to D:\\MyGithub\\hexoblog/db.json","time":"2019-04-08T10:05:03.324Z","v":0}
{"name":"hexo","hostname":"DESKTOP-JHHG3ED","pid":7744,"level":20,"msg":"Hexo version: \u001b[35m3.8.0\u001b[39m","time":"2019-04-08T10:05:03.366Z","v":0}
{"name":"hexo","hostname":"DESKTOP-JHHG3ED","pid":7744,"level":20,"msg":"Working directory: \u001b[35mD:\\MyGithub\\hexoblog\\\u001b[39m","time":"2019-04-08T10:05:03.367Z","v":0}
{"name":"hexo","hostname":"DESKTOP-JHHG3ED","pid":7744,"level":20,"msg":"Config loaded: \u001b[35mD:\\MyGithub\\hexoblog\\_config.yml\u001b[39m","time":"2019-04-08T10:05:03.604Z","v":0}
{"name":"hexo","hostname":"DESKTOP-JHHG3ED","pid":7744,"level":20,"msg":"Plugin loaded: \u001b[35mhexo-deployer-git\u001b[39m","time":"2019-04-08T10:05:03.682Z","v":0}
{"name":"hexo","hostname":"DESKTOP-JHHG3ED","pid":7744,"level":20,"msg":"Plugin loaded: \u001b[35mhexo-generator-archive\u001b[39m","time":"2019-04-08T10:05:03.689Z","v":0}
{"name":"hexo","hostname":"DESKTOP-JHHG3ED","pid":7744,"level":20,"msg":"Plugin loaded: \u001b[35mhexo-generator-index\u001b[39m","time":"2019-04-08T10:05:03.694Z","v":0}
{"name":"hexo","hostname":"DESKTOP-JHHG3ED","pid":7744,"level":20,"msg":"Plugin loaded: \u001b[35mhexo-generator-category\u001b[39m","time":"2019-04-08T10:05:03.698Z","v":0}
{"name":"hexo","hostname":"DESKTOP-JHHG3ED","pid":7744,"level":20,"msg":"Plugin loaded: \u001b[35mhexo-generator-tag\u001b[39m","time":"2019-04-08T10:05:03.701Z","v":0}
{"name":"hexo","hostname":"DESKTOP-JHHG3ED","pid":7744,"level":20,"msg":"Plugin loaded: \u001b[35mhexo-renderer-ejs\u001b[39m","time":"2019-04-08T10:05:03.708Z","v":0}
{"name":"hexo","hostname":"DESKTOP-JHHG3ED","pid":7744,"level":20,"msg":"Plugin loaded: \u001b[35mhexo-renderer-marked\u001b[39m","time":"2019-04-08T10:05:03.719Z","v":0}
{"name":"hexo","hostname":"DESKTOP-JHHG3ED","pid":7744,"level":20,"msg":"Plugin loaded: \u001b[35mhexo-renderer-stylus\u001b[39m","time":"2019-04-08T10:05:03.721Z","v":0}
{"name":"hexo","hostname":"DESKTOP-JHHG3ED","pid":7744,"level":20,"msg":"Plugin loaded: \u001b[35mhexo-server\u001b[39m","time":"2019-04-08T10:05:03.844Z","v":0}
{"name":"hexo","hostname":"DESKTOP-JHHG3ED","pid":7744,"level":20,"msg":"Plugin loaded: \u001b[35mhexo-fs\u001b[39m","time":"2019-04-08T10:05:03.976Z","v":0}
{"name":"hexo","hostname":"DESKTOP-JHHG3ED","pid":7744,"level":20,"msg":"Script loaded: \u001b[35mthemes\\hexo-theme-next\\scripts\\filters\\exturl.js\u001b[39m","time":"2019-04-08T10:05:03.986Z","v":0}
{"name":"hexo","hostname":"DESKTOP-JHHG3ED","pid":7744,"level":20,"msg":"Script loaded: \u001b[35mthemes\\hexo-theme-next\\scripts\\helpers\\engine.js\u001b[39m","time":"2019-04-08T10:05:03.987Z","v":0}
{"name":"hexo","hostname":"DESKTOP-JHHG3ED","pid":7744,"level":20,"msg":"Script loaded: \u001b[35mthemes\\hexo-theme-next\\scripts\\merge-configs.js\u001b[39m","time":"2019-04-08T10:05:03.992Z","v":0}
{"name":"hexo","hostname":"DESKTOP-JHHG3ED","pid":7744,"level":20,"msg":"Script loaded: \u001b[35mthemes\\hexo-theme-next\\scripts\\helpers\\next-url.js\u001b[39m","time":"2019-04-08T10:05:03.993Z","v":0}
{"name":"hexo","hostname":"DESKTOP-JHHG3ED","pid":7744,"level":20,"msg":"Script loaded: \u001b[35mthemes\\hexo-theme-next\\scripts\\tags\\button.js\u001b[39m","time":"2019-04-08T10:05:03.995Z","v":0}
{"name":"hexo","hostname":"DESKTOP-JHHG3ED","pid":7744,"level":20,"msg":"Script loaded: \u001b[35mthemes\\hexo-theme-next\\scripts\\tags\\center-quote.js\u001b[39m","time":"2019-04-08T10:05:03.998Z","v":0}
{"name":"hexo","hostname":"DESKTOP-JHHG3ED","pid":7744,"level":20,"msg":"Script loaded: \u001b[35mthemes\\hexo-theme-next\\scripts\\tags\\exturl.js\u001b[39m","time":"2019-04-08T10:05:04.002Z","v":0}
{"name":"hexo","hostname":"DESKTOP-JHHG3ED","pid":7744,"level":20,"msg":"Script loaded: \u001b[35mthemes\\hexo-theme-next\\scripts\\tags\\full-image.js\u001b[39m","time":"2019-04-08T10:05:04.004Z","v":0}
{"name":"hexo","hostname":"DESKTOP-JHHG3ED","pid":7744,"level":20,"msg":"Script loaded: \u001b[35mthemes\\hexo-theme-next\\scripts\\tags\\group-pictures.js\u001b[39m","time":"2019-04-08T10:05:04.007Z","v":0}
{"name":"hexo","hostname":"DESKTOP-JHHG3ED","pid":7744,"level":20,"msg":"Script loaded: \u001b[35mthemes\\hexo-theme-next\\scripts\\tags\\include-raw.js\u001b[39m","time":"2019-04-08T10:05:04.019Z","v":0}
{"name":"hexo","hostname":"DESKTOP-JHHG3ED","pid":7744,"level":20,"msg":"Script loaded: \u001b[35mthemes\\hexo-theme-next\\scripts\\tags\\label.js\u001b[39m","time":"2019-04-08T10:05:04.021Z","v":0}
{"name":"hexo","hostname":"DESKTOP-JHHG3ED","pid":7744,"level":20,"msg":"Script loaded: \u001b[35mthemes\\hexo-theme-next\\scripts\\tags\\note.js\u001b[39m","time":"2019-04-08T10:05:04.024Z","v":0}
{"name":"hexo","hostname":"DESKTOP-JHHG3ED","pid":7744,"level":20,"msg":"Script loaded: \u001b[35mthemes\\hexo-theme-next\\scripts\\tags\\mermaid.js\u001b[39m","time":"2019-04-08T10:05:04.026Z","v":0}
{"name":"hexo","hostname":"DESKTOP-JHHG3ED","pid":7744,"level":20,"msg":"Script loaded: \u001b[35mthemes\\hexo-theme-next\\scripts\\tags\\pdf.js\u001b[39m","time":"2019-04-08T10:05:04.029Z","v":0}
{"name":"hexo","hostname":"DESKTOP-JHHG3ED","pid":7744,"level":20,"msg":"Script loaded: \u001b[35mthemes\\hexo-theme-next\\scripts\\tags\\tabs.js\u001b[39m","time":"2019-04-08T10:05:04.032Z","v":0}
{"name":"hexo","hostname":"DESKTOP-JHHG3ED","pid":7744,"level":20,"msg":"Script loaded: \u001b[35mthemes\\hexo-theme-next\\scripts\\tags\\video.js\u001b[39m","time":"2019-04-08T10:05:04.034Z","v":0}
{"name":"hexo","hostname":"DESKTOP-JHHG3ED","pid":7744,"level":20,"msg":"Script loaded: \u001b[35mthemes\\hexo-theme-next\\scripts\\merge.js\u001b[39m","time":"2019-04-08T10:05:04.041Z","v":0}
{"name":"hexo","hostname":"DESKTOP-JHHG3ED","pid":7744,"level":20,"msg":"Database saved","time":"2019-04-08T10:05:04.049Z","v":0}
{"name":"hexo","hostname":"DESKTOP-JHHG3ED","pid":7976,"level":20,"msg":"Writing database to D:\\MyGithub\\hexoblog/db.json","time":"2019-04-08T10:09:34.970Z","v":0}
{"name":"hexo","hostname":"DESKTOP-JHHG3ED","pid":7976,"level":20,"msg":"Hexo version: \u001b[35m3.8.0\u001b[39m","time":"2019-04-08T10:09:34.999Z","v":0}
{"name":"hexo","hostname":"DESKTOP-JHHG3ED","pid":7976,"level":20,"msg":"Working directory: \u001b[35mD:\\MyGithub\\hexoblog\\\u001b[39m","time":"2019-04-08T10:09:35.002Z","v":0}
{"name":"hexo","hostname":"DESKTOP-JHHG3ED","pid":7976,"level":20,"msg":"Config loaded: \u001b[35mD:\\MyGithub\\hexoblog\\_config.yml\u001b[39m","time":"2019-04-08T10:09:35.199Z","v":0}
{"name":"hexo","hostname":"DESKTOP-JHHG3ED","pid":7976,"level":20,"msg":"Plugin loaded: \u001b[35mhexo-deployer-git\u001b[39m","time":"2019-04-08T10:09:35.281Z","v":0}
{"name":"hexo","hostname":"DESKTOP-JHHG3ED","pid":7976,"level":20,"msg":"Plugin loaded: \u001b[35mhexo-generator-category\u001b[39m","time":"2019-04-08T10:09:35.289Z","v":0}
{"name":"hexo","hostname":"DESKTOP-JHHG3ED","pid":7976,"level":20,"msg":"Plugin loaded: \u001b[35mhexo-generator-archive\u001b[39m","time":"2019-04-08T10:09:35.294Z","v":0}
{"name":"hexo","hostname":"DESKTOP-JHHG3ED","pid":7976,"level":20,"msg":"Plugin loaded: \u001b[35mhexo-generator-index\u001b[39m","time":"2019-04-08T10:09:35.300Z","v":0}
{"name":"hexo","hostname":"DESKTOP-JHHG3ED","pid":7976,"level":20,"msg":"Plugin loaded: \u001b[35mhexo-generator-tag\u001b[39m","time":"2019-04-08T10:09:35.306Z","v":0}
{"name":"hexo","hostname":"DESKTOP-JHHG3ED","pid":7976,"level":20,"msg":"Plugin loaded: \u001b[35mhexo-renderer-ejs\u001b[39m","time":"2019-04-08T10:09:35.314Z","v":0}
{"name":"hexo","hostname":"DESKTOP-JHHG3ED","pid":7976,"level":20,"msg":"Plugin loaded: \u001b[35mhexo-renderer-marked\u001b[39m","time":"2019-04-08T10:09:35.326Z","v":0}
{"name":"hexo","hostname":"DESKTOP-JHHG3ED","pid":7976,"level":20,"msg":"Plugin loaded: \u001b[35mhexo-renderer-stylus\u001b[39m","time":"2019-04-08T10:09:35.329Z","v":0}
{"name":"hexo","hostname":"DESKTOP-JHHG3ED","pid":7976,"level":20,"msg":"Plugin loaded: \u001b[35mhexo-server\u001b[39m","time":"2019-04-08T10:09:35.472Z","v":0}
{"name":"hexo","hostname":"DESKTOP-JHHG3ED","pid":7976,"level":20,"msg":"Plugin loaded: \u001b[35mhexo-fs\u001b[39m","time":"2019-04-08T10:09:35.611Z","v":0}
{"name":"hexo","hostname":"DESKTOP-JHHG3ED","pid":7976,"level":20,"msg":"Script loaded: \u001b[35mthemes\\hexo-theme-next\\scripts\\filters\\exturl.js\u001b[39m","time":"2019-04-08T10:09:35.622Z","v":0}
{"name":"hexo","hostname":"DESKTOP-JHHG3ED","pid":7976,"level":20,"msg":"Script loaded: \u001b[35mthemes\\hexo-theme-next\\scripts\\helpers\\engine.js\u001b[39m","time":"2019-04-08T10:09:35.624Z","v":0}
{"name":"hexo","hostname":"DESKTOP-JHHG3ED","pid":7976,"level":20,"msg":"Script loaded: \u001b[35mthemes\\hexo-theme-next\\scripts\\merge-configs.js\u001b[39m","time":"2019-04-08T10:09:35.630Z","v":0}
{"name":"hexo","hostname":"DESKTOP-JHHG3ED","pid":7976,"level":20,"msg":"Script loaded: \u001b[35mthemes\\hexo-theme-next\\scripts\\helpers\\next-url.js\u001b[39m","time":"2019-04-08T10:09:35.633Z","v":0}
{"name":"hexo","hostname":"DESKTOP-JHHG3ED","pid":7976,"level":20,"msg":"Script loaded: \u001b[35mthemes\\hexo-theme-next\\scripts\\tags\\center-quote.js\u001b[39m","time":"2019-04-08T10:09:35.635Z","v":0}
{"name":"hexo","hostname":"DESKTOP-JHHG3ED","pid":7976,"level":20,"msg":"Script loaded: \u001b[35mthemes\\hexo-theme-next\\scripts\\tags\\button.js\u001b[39m","time":"2019-04-08T10:09:35.637Z","v":0}
{"name":"hexo","hostname":"DESKTOP-JHHG3ED","pid":7976,"level":20,"msg":"Script loaded: \u001b[35mthemes\\hexo-theme-next\\scripts\\tags\\exturl.js\u001b[39m","time":"2019-04-08T10:09:35.641Z","v":0}
{"name":"hexo","hostname":"DESKTOP-JHHG3ED","pid":7976,"level":20,"msg":"Script loaded: \u001b[35mthemes\\hexo-theme-next\\scripts\\tags\\full-image.js\u001b[39m","time":"2019-04-08T10:09:35.644Z","v":0}
{"name":"hexo","hostname":"DESKTOP-JHHG3ED","pid":7976,"level":20,"msg":"Script loaded: \u001b[35mthemes\\hexo-theme-next\\scripts\\tags\\group-pictures.js\u001b[39m","time":"2019-04-08T10:09:35.647Z","v":0}
{"name":"hexo","hostname":"DESKTOP-JHHG3ED","pid":7976,"level":20,"msg":"Script loaded: \u001b[35mthemes\\hexo-theme-next\\scripts\\tags\\include-raw.js\u001b[39m","time":"2019-04-08T10:09:35.657Z","v":0}
{"name":"hexo","hostname":"DESKTOP-JHHG3ED","pid":7976,"level":20,"msg":"Script loaded: \u001b[35mthemes\\hexo-theme-next\\scripts\\tags\\label.js\u001b[39m","time":"2019-04-08T10:09:35.659Z","v":0}
{"name":"hexo","hostname":"DESKTOP-JHHG3ED","pid":7976,"level":20,"msg":"Script loaded: \u001b[35mthemes\\hexo-theme-next\\scripts\\tags\\note.js\u001b[39m","time":"2019-04-08T10:09:35.660Z","v":0}
{"name":"hexo","hostname":"DESKTOP-JHHG3ED","pid":7976,"level":20,"msg":"Script loaded: \u001b[35mthemes\\hexo-theme-next\\scripts\\tags\\mermaid.js\u001b[39m","time":"2019-04-08T10:09:35.664Z","v":0}
{"name":"hexo","hostname":"DESKTOP-JHHG3ED","pid":7976,"level":20,"msg":"Script loaded: \u001b[35mthemes\\hexo-theme-next\\scripts\\tags\\pdf.js\u001b[39m","time":"2019-04-08T10:09:35.667Z","v":0}
{"name":"hexo","hostname":"DESKTOP-JHHG3ED","pid":7976,"level":20,"msg":"Script loaded: \u001b[35mthemes\\hexo-theme-next\\scripts\\tags\\tabs.js\u001b[39m","time":"2019-04-08T10:09:35.669Z","v":0}
{"name":"hexo","hostname":"DESKTOP-JHHG3ED","pid":7976,"level":20,"msg":"Script loaded: \u001b[35mthemes\\hexo-theme-next\\scripts\\tags\\video.js\u001b[39m","time":"2019-04-08T10:09:35.670Z","v":0}
{"name":"hexo","hostname":"DESKTOP-JHHG3ED","pid":7976,"level":20,"msg":"Script loaded: \u001b[35mthemes\\hexo-theme-next\\scripts\\merge.js\u001b[39m","time":"2019-04-08T10:09:35.676Z","v":0}
{"name":"hexo","hostname":"DESKTOP-JHHG3ED","pid":7976,"level":20,"msg":"Database saved","time":"2019-04-08T10:09:35.685Z","v":0}
